# JRE version: OpenJDK Runtime Environment (8.0_151-b12) (build 1.8.0_151-8u151-b12-0ubuntu0.17.10.2-b12)
# Java VM: OpenJDK 64-Bit Server VM (25.151-b12 mixed mode linux-amd64 compressed oops)
Heap:
 def new generation   total 9920K, used 1574K [0x00000000f0800000, 0x00000000f12c0000, 0x00000000f5aa0000)
  eden space 8832K,   5% used [0x00000000f0800000, 0x00000000f0879a08, 0x00000000f10a0000)
  from space 1088K, 100% used [0x00000000f11b0000, 0x00000000f12c0000, 0x00000000f12c0000)
  to   space 1088K,   0% used [0x00000000f10a0000, 0x00000000f10a0000, 0x00000000f11b0000)
 tenured generation   total 21972K, used 16468K [0x00000000f5aa0000, 0x00000000f7015000, 0x0000000100000000)
   the space 21972K,  74% used [0x00000000f5aa0000, 0x00000000f6ab5010, 0x00000000f6ab5200, 0x00000000f7015000)
 Metaspace       used 20620K, capacity 21130K, committed 21248K, reserved 1069056K
  class space    used 2360K, capacity 2482K, committed 2560K, reserved 1048576K
GC Heap History (10 events):
Event: 24.597 GC heap before
{Heap before GC invocations=11 (full 0):
 def new generation   total 4928K, used 4928K [0x00000000f0800000, 0x00000000f0d50000, 0x00000000f5aa0000)
  eden space 4416K, 100% used [0x00000000f0800000, 0x00000000f0c50000, 0x00000000f0c50000)
  from space 512K, 100% used [0x00000000f0cd0000, 0x00000000f0d50000, 0x00000000f0d50000)
  to   space 512K,   0% used [0x00000000f0c50000, 0x00000000f0c50000, 0x00000000f0cd0000)
 tenured generation   total 10944K, used 8394K [0x00000000f5aa0000, 0x00000000f6550000, 0x0000000100000000)
   the space 10944K,  76% used [0x00000000f5aa0000, 0x00000000f62d29e0, 0x00000000f62d2a00, 0x00000000f6550000)
 Metaspace       used 18930K, capacity 19312K, committed 19456K, reserved 1067008K
  class space    used 2169K, capacity 2246K, committed 2304K, reserved 1048576K
Event: 24.616 GC heap after
Heap after GC invocations=12 (full 0):
 def new generation   total 4928K, used 494K [0x00000000f0800000, 0x00000000f0d50000, 0x00000000f5aa0000)
  eden space 4416K,   0% used [0x00000000f0800000, 0x00000000f0800000, 0x00000000f0c50000)
  from space 512K,  96% used [0x00000000f0c50000, 0x00000000f0ccbb98, 0x00000000f0cd0000)
  to   space 512K,   0% used [0x00000000f0cd0000, 0x00000000f0cd0000, 0x00000000f0d50000)
 tenured generation   total 10944K, used 8890K [0x00000000f5aa0000, 0x00000000f6550000, 0x0000000100000000)
   the space 10944K,  81% used [0x00000000f5aa0000, 0x00000000f634eb50, 0x00000000f634ec00, 0x00000000f6550000)
 Metaspace       used 18930K, capacity 19312K, committed 19456K, reserved 1067008K
  class space    used 2169K, capacity 2246K, committed 2304K, reserved 1048576K
}
Event: 30.316 GC heap before
{Heap before GC invocations=12 (full 0):
 def new generation   total 4928K, used 4910K [0x00000000f0800000, 0x00000000f0d50000, 0x00000000f5aa0000)
  eden space 4416K, 100% used [0x00000000f0800000, 0x00000000f0c50000, 0x00000000f0c50000)
  from space 512K,  96% used [0x00000000f0c50000, 0x00000000f0ccbb98, 0x00000000f0cd0000)
  to   space 512K,   0% used [0x00000000f0cd0000, 0x00000000f0cd0000, 0x00000000f0d50000)
 tenured generation   total 10944K, used 8890K [0x00000000f5aa0000, 0x00000000f6550000, 0x0000000100000000)
   the space 10944K,  81% used [0x00000000f5aa0000, 0x00000000f634eb50, 0x00000000f634ec00, 0x00000000f6550000)
 Metaspace       used 19509K, capacity 19936K, committed 20096K, reserved 1067008K
  class space    used 2232K, capacity 2320K, committed 2432K, reserved 1048576K
Event: 30.356 GC heap after
Heap after GC invocations=13 (full 0):
 def new generation   total 4928K, used 512K [0x00000000f0800000, 0x00000000f0d50000, 0x00000000f5aa0000)
  eden space 4416K,   0% used [0x00000000f0800000, 0x00000000f0800000, 0x00000000f0c50000)
  from space 512K, 100% used [0x00000000f0cd0000, 0x00000000f0d50000, 0x00000000f0d50000)
  to   space 512K,   0% used [0x00000000f0c50000, 0x00000000f0c50000, 0x00000000f0cd0000)
 tenured generation   total 10944K, used 9024K [0x00000000f5aa0000, 0x00000000f6550000, 0x0000000100000000)
   the space 10944K,  82% used [0x00000000f5aa0000, 0x00000000f6370298, 0x00000000f6370400, 0x00000000f6550000)
 Metaspace       used 19509K, capacity 19936K, committed 20096K, reserved 1067008K
  class space    used 2232K, capacity 2320K, committed 2432K, reserved 1048576K
}
Event: 32.955 GC heap before
{Heap before GC invocations=13 (full 0):
 def new generation   total 4928K, used 4928K [0x00000000f0800000, 0x00000000f0d50000, 0x00000000f5aa0000)
  eden space 4416K, 100% used [0x00000000f0800000, 0x00000000f0c50000, 0x00000000f0c50000)
  from space 512K, 100% used [0x00000000f0cd0000, 0x00000000f0d50000, 0x00000000f0d50000)
  to   space 512K,   0% used [0x00000000f0c50000, 0x00000000f0c50000, 0x00000000f0cd0000)
 tenured generation   total 10944K, used 9024K [0x00000000f5aa0000, 0x00000000f6550000, 0x0000000100000000)
   the space 10944K,  82% used [0x00000000f5aa0000, 0x00000000f6370298, 0x00000000f6370400, 0x00000000f6550000)
 Metaspace       used 19780K, capacity 20310K, committed 20608K, reserved 1067008K
  class space    used 2262K, capacity 2382K, committed 2432K, reserved 1048576K
Event: 32.979 GC heap after
Heap after GC invocations=14 (full 0):
 def new generation   total 4928K, used 511K [0x00000000f0800000, 0x00000000f0d50000, 0x00000000f5aa0000)
  eden space 4416K,   0% used [0x00000000f0800000, 0x00000000f0800000, 0x00000000f0c50000)
  from space 512K,  99% used [0x00000000f0c50000, 0x00000000f0ccfff8, 0x00000000f0cd0000)
  to   space 512K,   0% used [0x00000000f0cd0000, 0x00000000f0cd0000, 0x00000000f0d50000)
 tenured generation   total 10944K, used 10489K [0x00000000f5aa0000, 0x00000000f6550000, 0x0000000100000000)
   the space 10944K,  95% used [0x00000000f5aa0000, 0x00000000f64de6b0, 0x00000000f64de800, 0x00000000f6550000)
 Metaspace       used 19780K, capacity 20310K, committed 20608K, reserved 1067008K
  class space    used 2262K, capacity 2382K, committed 2432K, reserved 1048576K
}
Event: 33.169 GC heap before
{Heap before GC invocations=14 (full 0):
 def new generation   total 4928K, used 4927K [0x00000000f0800000, 0x00000000f0d50000, 0x00000000f5aa0000)
  eden space 4416K, 100% used [0x00000000f0800000, 0x00000000f0c50000, 0x00000000f0c50000)
  from space 512K,  99% used [0x00000000f0c50000, 0x00000000f0ccfff8, 0x00000000f0cd0000)
  to   space 512K,   0% used [0x00000000f0cd0000, 0x00000000f0cd0000, 0x00000000f0d50000)
 tenured generation   total 10944K, used 10489K [0x00000000f5aa0000, 0x00000000f6550000, 0x0000000100000000)
   the space 10944K,  95% used [0x00000000f5aa0000, 0x00000000f64de6b0, 0x00000000f64de800, 0x00000000f6550000)
 Metaspace       used 19789K, capacity 20310K, committed 20608K, reserved 1067008K
  class space    used 2262K, capacity 2382K, committed 2432K, reserved 1048576K
Event: 34.314 GC heap after
Heap after GC invocations=15 (full 1):
 def new generation   total 9920K, used 0K [0x00000000f0800000, 0x00000000f12c0000, 0x00000000f5aa0000)
  eden space 8832K,   0% used [0x00000000f0800000, 0x00000000f0800000, 0x00000000f10a0000)
  from space 1088K,   0% used [0x00000000f10a0000, 0x00000000f10a0000, 0x00000000f11b0000)
  to   space 1088K,   0% used [0x00000000f11b0000, 0x00000000f11b0000, 0x00000000f12c0000)
 tenured generation   total 21972K, used 13182K [0x00000000f5aa0000, 0x00000000f7015000, 0x0000000100000000)
   the space 21972K,  59% used [0x00000000f5aa0000, 0x00000000f677fb18, 0x00000000f677fc00, 0x00000000f7015000)
 Metaspace       used 19789K, capacity 20310K, committed 20608K, reserved 1067008K
  class space    used 2262K, capacity 2382K, committed 2432K, reserved 1048576K
}
Event: 43.507 GC heap before
{Heap before GC invocations=15 (full 1):
 def new generation   total 9920K, used 8832K [0x00000000f0800000, 0x00000000f12c0000, 0x00000000f5aa0000)
  eden space 8832K, 100% used [0x00000000f0800000, 0x00000000f10a0000, 0x00000000f10a0000)
  from space 1088K,   0% used [0x00000000f10a0000, 0x00000000f10a0000, 0x00000000f11b0000)
  to   space 1088K,   0% used [0x00000000f11b0000, 0x00000000f11b0000, 0x00000000f12c0000)
 tenured generation   total 21972K, used 13182K [0x00000000f5aa0000, 0x00000000f7015000, 0x0000000100000000)
   the space 21972K,  59% used [0x00000000f5aa0000, 0x00000000f677fb18, 0x00000000f677fc00, 0x00000000f7015000)
 Metaspace       used 20504K, capacity 21002K, committed 21248K, reserved 1069056K
  class space    used 2349K, capacity 2482K, committed 2560K, reserved 1048576K
Event: 43.641 GC heap after
Heap after GC invocations=16 (full 1):
 def new generation   total 9920K, used 1088K [0x00000000f0800000, 0x00000000f12c0000, 0x00000000f5aa0000)
  eden space 8832K,   0% used [0x00000000f0800000, 0x00000000f0800000, 0x00000000f10a0000)
  from space 1088K, 100% used [0x00000000f11b0000, 0x00000000f12c0000, 0x00000000f12c0000)
  to   space 1088K,   0% used [0x00000000f10a0000, 0x00000000f10a0000, 0x00000000f11b0000)
 tenured generation   total 21972K, used 16468K [0x00000000f5aa0000, 0x00000000f7015000, 0x0000000100000000)
   the space 21972K,  74% used [0x00000000f5aa0000, 0x00000000f6ab5010, 0x00000000f6ab5200, 0x00000000f7015000)
 Metaspace       used 20504K, capacity 21002K, committed 21248K, reserved 1069056K
  class space    used 2349K, capacity 2482K, committed 2560K, reserved 1048576K
}

