# JRE version: OpenJDK Runtime Environment (8.0_45-b14) (build 1.8.0_45-internal-b14)
# Java VM: OpenJDK 64-Bit Server VM (25.45-b02 mixed mode linux-amd64 compressed oops)
Heap:
 PSYoungGen      total 388608K, used 111353K [0x00000000e0f00000, 0x00000000ffc80000, 0x0000000100000000)
  eden space 275456K, 12% used [0x00000000e0f00000,0x00000000e2fbe318,0x00000000f1c00000)
  from space 113152K, 68% used [0x00000000f1c00000,0x00000000f6800320,0x00000000f8a80000)
  to   space 114176K, 0% used [0x00000000f8d00000,0x00000000f8d00000,0x00000000ffc80000)
 ParOldGen       total 479744K, used 416313K [0x00000000a2c00000, 0x00000000c0080000, 0x00000000e0f00000)
  object space 479744K, 86% used [0x00000000a2c00000,0x00000000bc28e490,0x00000000c0080000)
 Metaspace       used 35335K, capacity 36154K, committed 36480K, reserved 1081344K
  class space    used 3810K, capacity 3931K, committed 3968K, reserved 1048576K
GC Heap History (10 events):
Event: 25899,697 GC heap before
{Heap before GC invocations=4200 (full 33):
 PSYoungGen      total 391680K, used 345246K [0x00000000e0f00000, 0x0000000100000000, 0x0000000100000000)
  eden space 274432K, 100% used [0x00000000e0f00000,0x00000000f1b00000,0x00000000f1b00000)
  from space 117248K, 60% used [0x00000000f8d80000,0x00000000fd2a78d0,0x0000000100000000)
  to   space 117248K, 0% used [0x00000000f1b00000,0x00000000f1b00000,0x00000000f8d80000)
 ParOldGen       total 479744K, used 410374K [0x00000000a2c00000, 0x00000000c0080000, 0x00000000e0f00000)
  object space 479744K, 85% used [0x00000000a2c00000,0x00000000bbcc1a78,0x00000000c0080000)
 Metaspace       used 35255K, capacity 36026K, committed 36480K, reserved 1081344K
  class space    used 3807K, capacity 3931K, committed 3968K, reserved 1048576K
Event: 25899,818 GC heap after
Heap after GC invocations=4200 (full 33):
 PSYoungGen      total 348672K, used 73838K [0x00000000e0f00000, 0x0000000100000000, 0x0000000100000000)
  eden space 274432K, 0% used [0x00000000e0f00000,0x00000000e0f00000,0x00000000f1b00000)
  from space 74240K, 99% used [0x00000000f1b00000,0x00000000f631b9b8,0x00000000f6380000)
  to   space 117760K, 0% used [0x00000000f8d00000,0x00000000f8d00000,0x0000000100000000)
 ParOldGen       total 479744K, used 410398K [0x00000000a2c00000, 0x00000000c0080000, 0x00000000e0f00000)
  object space 479744K, 85% used [0x00000000a2c00000,0x00000000bbcc7a78,0x00000000c0080000)
 Metaspace       used 35255K, capacity 36026K, committed 36480K, reserved 1081344K
  class space    used 3807K, capacity 3931K, committed 3968K, reserved 1048576K
}
Event: 26015,097 GC heap before
{Heap before GC invocations=4201 (full 33):
 PSYoungGen      total 348672K, used 348270K [0x00000000e0f00000, 0x0000000100000000, 0x0000000100000000)
  eden space 274432K, 100% used [0x00000000e0f00000,0x00000000f1b00000,0x00000000f1b00000)
  from space 74240K, 99% used [0x00000000f1b00000,0x00000000f631b9b8,0x00000000f6380000)
  to   space 117760K, 0% used [0x00000000f8d00000,0x00000000f8d00000,0x0000000100000000)
 ParOldGen       total 479744K, used 410428K [0x00000000a2c00000, 0x00000000c0080000, 0x00000000e0f00000)
  object space 479744K, 85% used [0x00000000a2c00000,0x00000000bbccf340,0x00000000c0080000)
 Metaspace       used 35266K, capacity 36026K, committed 36480K, reserved 1081344K
  class space    used 3807K, capacity 3931K, committed 3968K, reserved 1048576K
Event: 26015,193 GC heap after
Heap after GC invocations=4201 (full 33):
 PSYoungGen      total 391680K, used 71456K [0x00000000e0f00000, 0x0000000100000000, 0x0000000100000000)
  eden space 273920K, 0% used [0x00000000e0f00000,0x00000000e0f00000,0x00000000f1a80000)
  from space 117760K, 60% used [0x00000000f8d00000,0x00000000fd2c8078,0x0000000100000000)
  to   space 117248K, 0% used [0x00000000f1a80000,0x00000000f1a80000,0x00000000f8d00000)
 ParOldGen       total 479744K, used 410444K [0x00000000a2c00000, 0x00000000c0080000, 0x00000000e0f00000)
  object space 479744K, 85% used [0x00000000a2c00000,0x00000000bbcd3340,0x00000000c0080000)
 Metaspace       used 35266K, capacity 36026K, committed 36480K, reserved 1081344K
  class space    used 3807K, capacity 3931K, committed 3968K, reserved 1048576K
}
Event: 26339,753 GC heap before
{Heap before GC invocations=4202 (full 33):
 PSYoungGen      total 391680K, used 345376K [0x00000000e0f00000, 0x0000000100000000, 0x0000000100000000)
  eden space 273920K, 100% used [0x00000000e0f00000,0x00000000f1a80000,0x00000000f1a80000)
  from space 117760K, 60% used [0x00000000f8d00000,0x00000000fd2c8078,0x0000000100000000)
  to   space 117248K, 0% used [0x00000000f1a80000,0x00000000f1a80000,0x00000000f8d00000)
 ParOldGen       total 479744K, used 410444K [0x00000000a2c00000, 0x00000000c0080000, 0x00000000e0f00000)
  object space 479744K, 85% used [0x00000000a2c00000,0x00000000bbcd3340,0x00000000c0080000)
 Metaspace       used 35266K, capacity 36026K, committed 36480K, reserved 1081344K
  class space    used 3807K, capacity 3931K, committed 3968K, reserved 1048576K
Event: 26339,865 GC heap after
Heap after GC invocations=4202 (full 33):
 PSYoungGen      total 342016K, used 68001K [0x00000000e0f00000, 0x00000000ffa80000, 0x0000000100000000)
  eden space 273920K, 0% used [0x00000000e0f00000,0x00000000e0f00000,0x00000000f1a80000)
  from space 68096K, 99% used [0x00000000f1a80000,0x00000000f5ce8490,0x00000000f5d00000)
  to   space 114688K, 0% used [0x00000000f8a80000,0x00000000f8a80000,0x00000000ffa80000)
 ParOldGen       total 479744K, used 410468K [0x00000000a2c00000, 0x00000000c0080000, 0x00000000e0f00000)
  object space 479744K, 85% used [0x00000000a2c00000,0x00000000bbcd9340,0x00000000c0080000)
 Metaspace       used 35266K, capacity 36026K, committed 36480K, reserved 1081344K
  class space    used 3807K, capacity 3931K, committed 3968K, reserved 1048576K
}
Event: 26595,489 GC heap before
{Heap before GC invocations=4203 (full 33):
 PSYoungGen      total 342016K, used 341921K [0x00000000e0f00000, 0x00000000ffa80000, 0x0000000100000000)
  eden space 273920K, 100% used [0x00000000e0f00000,0x00000000f1a80000,0x00000000f1a80000)
  from space 68096K, 99% used [0x00000000f1a80000,0x00000000f5ce8490,0x00000000f5d00000)
  to   space 114688K, 0% used [0x00000000f8a80000,0x00000000f8a80000,0x00000000ffa80000)
 ParOldGen       total 479744K, used 410468K [0x00000000a2c00000, 0x00000000c0080000, 0x00000000e0f00000)
  object space 479744K, 85% used [0x00000000a2c00000,0x00000000bbcd9340,0x00000000c0080000)
 Metaspace       used 35276K, capacity 36026K, committed 36480K, reserved 1081344K
  class space    used 3807K, capacity 3931K, committed 3968K, reserved 1048576K
Event: 26595,591 GC heap after
Heap after GC invocations=4203 (full 33):
 PSYoungGen      total 389120K, used 69315K [0x00000000e0f00000, 0x00000000ff980000, 0x0000000100000000)
  eden space 275456K, 0% used [0x00000000e0f00000,0x00000000e0f00000,0x00000000f1c00000)
  from space 113664K, 60% used [0x00000000f8a80000,0x00000000fce30f78,0x00000000ff980000)
  to   space 113152K, 0% used [0x00000000f1c00000,0x00000000f1c00000,0x00000000f8a80000)
 ParOldGen       total 479744K, used 413473K [0x00000000a2c00000, 0x00000000c0080000, 0x00000000e0f00000)
  object space 479744K, 86% used [0x00000000a2c00000,0x00000000bbfc8490,0x00000000c0080000)
 Metaspace       used 35276K, capacity 36026K, committed 36480K, reserved 1081344K
  class space    used 3807K, capacity 3931K, committed 3968K, reserved 1048576K
}
Event: 26909,141 GC heap before
{Heap before GC invocations=4204 (full 33):
 PSYoungGen      total 389120K, used 344771K [0x00000000e0f00000, 0x00000000ff980000, 0x0000000100000000)
  eden space 275456K, 100% used [0x00000000e0f00000,0x00000000f1c00000,0x00000000f1c00000)
  from space 113664K, 60% used [0x00000000f8a80000,0x00000000fce30f78,0x00000000ff980000)
  to   space 113152K, 0% used [0x00000000f1c00000,0x00000000f1c00000,0x00000000f8a80000)
 ParOldGen       total 479744K, used 413473K [0x00000000a2c00000, 0x00000000c0080000, 0x00000000e0f00000)
  object space 479744K, 86% used [0x00000000a2c00000,0x00000000bbfc8490,0x00000000c0080000)
 Metaspace       used 35317K, capacity 36154K, committed 36480K, reserved 1081344K
  class space    used 3807K, capacity 3931K, committed 3968K, reserved 1048576K
Event: 26909,242 GC heap after
Heap after GC invocations=4204 (full 33):
 PSYoungGen      total 388608K, used 77824K [0x00000000e0f00000, 0x00000000ffc80000, 0x0000000100000000)
  eden space 275456K, 0% used [0x00000000e0f00000,0x00000000e0f00000,0x00000000f1c00000)
  from space 113152K, 68% used [0x00000000f1c00000,0x00000000f6800320,0x00000000f8a80000)
  to   space 114176K, 0% used [0x00000000f8d00000,0x00000000f8d00000,0x00000000ffc80000)
 ParOldGen       total 479744K, used 416313K [0x00000000a2c00000, 0x00000000c0080000, 0x00000000e0f00000)
  object space 479744K, 86% used [0x00000000a2c00000,0x00000000bc28e490,0x00000000c0080000)
 Metaspace       used 35317K, capacity 36154K, committed 36480K, reserved 1081344K
  class space    used 3807K, capacity 3931K, committed 3968K, reserved 1048576K
}

